<?xml version="1.0" encoding="utf-8"?>
<TestRun id="70ca8800-0c2e-40bc-ace3-a68de183a88a" name="hakodev@DESKTOP-S5418DT 2026-09-19 19:46:17" runUser="DESKTOP-S5418DT\hakodev" xmlns="http://microsoft.com/schemas/VisualStudio/TeamTest/2010">
  <Times creation="2026-09-19T19:46:17.9386883+07:00" queuing="2026-09-19T19:46:17.9386887+07:00" start="2026-09-19T19:46:01.5741378+07:00" finish="2026-09-19T19:46:17.9440120+07:00" />
  <TestSettings name="default" id="e8ee72af-c37d-412d-84bd-435c646c22ff">
    <Deployment runDeploymentRoot="hakodev_DESKTOP-S5418DT_2026-09-19_19_46_17" />
  </TestSettings>
  <Results>
    <UnitTestResult executionId="d21a5633-31dd-4b51-9fb5-107dd115f444" testId="9645a0f1-f344-7a1c-9ab8-dd313c7311ee" testName="Nexora.IntegrationTests.SqlApiIntegrationTests.Current_namespace_receipt_replays_original_safe_result_and_rechecks_authority" computerName="DESKTOP-S5418DT" duration="00:00:00.0041679" startTime="2026-09-19T19:46:17.3287863+07:00" endTime="2026-09-19T19:46:17.3288033+07:00" testType="13cdc9d9-ddb5-4fa4-a97d-d965ccfc6d4b" outcome="Failed" testListId="8c84fa94-04c1-424b-9868-57a2d4851a1d" relativeResultsDirectory="d21a5633-31dd-4b51-9fb5-107dd115f444">
      <Output>
        <ErrorInfo>
          <Message>BLOCKED: real SQL/API integration fixture is unavailable (NEXORA_TEST_SQL_CONNECTION was not supplied.).</Message>
          <StackTrace>   at Nexora.IntegrationTests.SqlApiFixture.RequireAvailable() in D:\Projects\ASP_NET_Core_Developer_2026\Nexora\tests\Nexora.IntegrationTests\SqlApiFixture.cs:line 238&#xD;
   at Nexora.IntegrationTests.SqlApiIntegrationTests.Current_namespace_receipt_replays_original_safe_result_and_rechecks_authority() in D:\Projects\ASP_NET_Core_Developer_2026\Nexora\tests\Nexora.IntegrationTests\SqlApiIntegrationTests.cs:line 93&#xD;
--- End of stack trace from previous location ---</StackTrace>
        </ErrorInfo>
      </Output>
    </UnitTestResult>
    <UnitTestResult executionId="10c46866-44b1-47a5-b21c-44e0e9299815" testId="2bd09ea6-f221-9aaf-d121-22d8554ed508" testName="Nexora.IntegrationTests.SqlApiIntegrationTests.Anonymous_CSRF_registration_replay_has_one_effect_and_changed_body_conflicts" computerName="DESKTOP-S5418DT" duration="00:00:00.0009707" startTime="2026-09-19T19:46:17.3358869+07:00" endTime="2026-09-19T19:46:17.3358870+07:00" testType="13cdc9d9-ddb5-4fa4-a97d-d965ccfc6d4b" outcome="Failed" testListId="8c84fa94-04c1-424b-9868-57a2d4851a1d" relativeResultsDirectory="10c46866-44b1-47a5-b21c-44e0e9299815">
      <Output>
        <ErrorInfo>
          <Message>BLOCKED: real SQL/API integration fixture is unavailable (NEXORA_TEST_SQL_CONNECTION was not supplied.).</Message>
          <StackTrace>   at Nexora.IntegrationTests.SqlApiFixture.RequireAvailable() in D:\Projects\ASP_NET_Core_Developer_2026\Nexora\tests\Nexora.IntegrationTests\SqlApiFixture.cs:line 238&#xD;
   at Nexora.IntegrationTests.SqlApiIntegrationTests.Anonymous_CSRF_registration_replay_has_one_effect_and_changed_body_conflicts() in D:\Projects\ASP_NET_Core_Developer_2026\Nexora\tests\Nexora.IntegrationTests\SqlApiIntegrationTests.cs:line 40&#xD;
--- End of stack trace from previous location ---</StackTrace>
        </ErrorInfo>
      </Output>
    </UnitTestResult>
    <UnitTestResult executionId="f5e0ad51-ecba-4a28-957c-58fda11cc640" testId="65b36876-96fd-5a61-b9c3-e0b391a1ba17" testName="Nexora.IntegrationTests.SqlApiIntegrationTests.Real_SQL_migration_upgrade_and_readiness_gate_are_available" computerName="DESKTOP-S5418DT" duration="00:00:00.0002197" startTime="2026-09-19T19:46:17.3369636+07:00" endTime="2026-09-19T19:46:17.3369636+07:00" testType="13cdc9d9-ddb5-4fa4-a97d-d965ccfc6d4b" outcome="Failed" testListId="8c84fa94-04c1-424b-9868-57a2d4851a1d" relativeResultsDirectory="f5e0ad51-ecba-4a28-957c-58fda11cc640">
      <Output>
        <ErrorInfo>
          <Message>BLOCKED: real SQL/API integration fixture is unavailable (NEXORA_TEST_SQL_CONNECTION was not supplied.).</Message>
          <StackTrace>   at Nexora.IntegrationTests.SqlApiFixture.RequireAvailable() in D:\Projects\ASP_NET_Core_Developer_2026\Nexora\tests\Nexora.IntegrationTests\SqlApiFixture.cs:line 238&#xD;
   at Nexora.IntegrationTests.SqlApiIntegrationTests.Real_SQL_migration_upgrade_and_readiness_gate_are_available() in D:\Projects\ASP_NET_Core_Developer_2026\Nexora\tests\Nexora.IntegrationTests\SqlApiIntegrationTests.cs:line 22&#xD;
   at System.Reflection.MethodBaseInvoker.InterpretedInvoke_Method(Object obj, IntPtr* args)&#xD;
   at System.Reflection.RuntimeMethodInfo.Invoke(Object obj, BindingFlags invokeAttr, Binder binder, Object[] parameters, CultureInfo culture)</StackTrace>
        </ErrorInfo>
      </Output>
    </UnitTestResult>
  </Results>
  <TestDefinitions>
    <UnitTest name="Nexora.IntegrationTests.SqlApiIntegrationTests.Anonymous_CSRF_registration_replay_has_one_effect_and_changed_body_conflicts" storage="d:\projects\asp_net_core_developer_2026\nexora\tests\nexora.integrationtests\bin\release\net10.0\nexora.integrationtests.dll" id="2bd09ea6-f221-9aaf-d121-22d8554ed508">
      <Execution id="10c46866-44b1-47a5-b21c-44e0e9299815" />
      <TestMethod codeBase="D:\Projects\ASP_NET_Core_Developer_2026\Nexora\tests\Nexora.IntegrationTests\bin\Release\net10.0\Nexora.IntegrationTests.dll" adapterTypeName="executor://xunit/VsTestRunner2/netcoreapp" className="Nexora.IntegrationTests.SqlApiIntegrationTests" name="Anonymous_CSRF_registration_replay_has_one_effect_and_changed_body_conflicts" />
    </UnitTest>
    <UnitTest name="Nexora.IntegrationTests.SqlApiIntegrationTests.Current_namespace_receipt_replays_original_safe_result_and_rechecks_authority" storage="d:\projects\asp_net_core_developer_2026\nexora\tests\nexora.integrationtests\bin\release\net10.0\nexora.integrationtests.dll" id="9645a0f1-f344-7a1c-9ab8-dd313c7311ee">
      <Execution id="d21a5633-31dd-4b51-9fb5-107dd115f444" />
      <TestMethod codeBase="D:\Projects\ASP_NET_Core_Developer_2026\Nexora\tests\Nexora.IntegrationTests\bin\Release\net10.0\Nexora.IntegrationTests.dll" adapterTypeName="executor://xunit/VsTestRunner2/netcoreapp" className="Nexora.IntegrationTests.SqlApiIntegrationTests" name="Current_namespace_receipt_replays_original_safe_result_and_rechecks_authority" />
    </UnitTest>
    <UnitTest name="Nexora.IntegrationTests.SqlApiIntegrationTests.Real_SQL_migration_upgrade_and_readiness_gate_are_available" storage="d:\projects\asp_net_core_developer_2026\nexora\tests\nexora.integrationtests\bin\release\net10.0\nexora.integrationtests.dll" id="65b36876-96fd-5a61-b9c3-e0b391a1ba17">
      <Execution id="f5e0ad51-ecba-4a28-957c-58fda11cc640" />
      <TestMethod codeBase="D:\Projects\ASP_NET_Core_Developer_2026\Nexora\tests\Nexora.IntegrationTests\bin\Release\net10.0\Nexora.IntegrationTests.dll" adapterTypeName="executor://xunit/VsTestRunner2/netcoreapp" className="Nexora.IntegrationTests.SqlApiIntegrationTests" name="Real_SQL_migration_upgrade_and_readiness_gate_are_available" />
    </UnitTest>
  </TestDefinitions>
  <TestEntries>
    <TestEntry testId="9645a0f1-f344-7a1c-9ab8-dd313c7311ee" executionId="d21a5633-31dd-4b51-9fb5-107dd115f444" testListId="8c84fa94-04c1-424b-9868-57a2d4851a1d" />
    <TestEntry testId="2bd09ea6-f221-9aaf-d121-22d8554ed508" executionId="10c46866-44b1-47a5-b21c-44e0e9299815" testListId="8c84fa94-04c1-424b-9868-57a2d4851a1d" />
    <TestEntry testId="65b36876-96fd-5a61-b9c3-e0b391a1ba17" executionId="f5e0ad51-ecba-4a28-957c-58fda11cc640" testListId="8c84fa94-04c1-424b-9868-57a2d4851a1d" />
  </TestEntries>
  <TestLists>
    <TestList name="Results Not in a List" id="8c84fa94-04c1-424b-9868-57a2d4851a1d" />
    <TestList name="All Loaded Results" id="19431567-8539-422a-85d7-44ee4e166bda" />
  </TestLists>
  <ResultSummary outcome="Failed">
    <Counters total="3" executed="3" passed="0" failed="3" error="0" timeout="0" aborted="0" inconclusive="0" passedButRunAborted="0" notRunnable="0" notExecuted="0" disconnected="0" warning="0" completed="0" inProgress="0" pending="0" />
    <Output>
      <StdOut>[xUnit.net 00:00:00.00] xUnit.net VSTest Adapter v2.8.2+699d445a1a (64-bit .NET 10.0.10)&#xD;
[xUnit.net 00:00:00.45]   Discovering: Nexora.IntegrationTests&#xD;
[xUnit.net 00:00:00.47]   Discovered:  Nexora.IntegrationTests&#xD;
[xUnit.net 00:00:00.47]   Starting:    Nexora.IntegrationTests&#xD;
[xUnit.net 00:00:00.88]       BLOCKED: real SQL/API integration fixture is unavailable (NEXORA_TEST_SQL_CONNECTION was not supplied.).&#xD;
[xUnit.net 00:00:00.88]       Stack Trace:&#xD;
[xUnit.net 00:00:00.88]         D:\Projects\ASP_NET_Core_Developer_2026\Nexora\tests\Nexora.IntegrationTests\SqlApiFixture.cs(238,0): at Nexora.IntegrationTests.SqlApiFixture.RequireAvailable()&#xD;
[xUnit.net 00:00:00.88]         D:\Projects\ASP_NET_Core_Developer_2026\Nexora\tests\Nexora.IntegrationTests\SqlApiIntegrationTests.cs(93,0): at Nexora.IntegrationTests.SqlApiIntegrationTests.Current_namespace_receipt_replays_original_safe_result_and_rechecks_authority()&#xD;
[xUnit.net 00:00:00.88]         --- End of stack trace from previous location ---&#xD;
[xUnit.net 00:00:00.89]       BLOCKED: real SQL/API integration fixture is unavailable (NEXORA_TEST_SQL_CONNECTION was not supplied.).&#xD;
[xUnit.net 00:00:00.89]       Stack Trace:&#xD;
[xUnit.net 00:00:00.89]         D:\Projects\ASP_NET_Core_Developer_2026\Nexora\tests\Nexora.IntegrationTests\SqlApiFixture.cs(238,0): at Nexora.IntegrationTests.SqlApiFixture.RequireAvailable()&#xD;
[xUnit.net 00:00:00.89]         D:\Projects\ASP_NET_Core_Developer_2026\Nexora\tests\Nexora.IntegrationTests\SqlApiIntegrationTests.cs(40,0): at Nexora.IntegrationTests.SqlApiIntegrationTests.Anonymous_CSRF_registration_replay_has_one_effect_and_changed_body_conflicts()&#xD;
[xUnit.net 00:00:00.89]         --- End of stack trace from previous location ---&#xD;
[xUnit.net 00:00:00.89]       BLOCKED: real SQL/API integration fixture is unavailable (NEXORA_TEST_SQL_CONNECTION was not supplied.).&#xD;
[xUnit.net 00:00:00.89]       Stack Trace:&#xD;
[xUnit.net 00:00:00.89]         D:\Projects\ASP_NET_Core_Developer_2026\Nexora\tests\Nexora.IntegrationTests\SqlApiFixture.cs(238,0): at Nexora.IntegrationTests.SqlApiFixture.RequireAvailable()&#xD;
[xUnit.net 00:00:00.89]         D:\Projects\ASP_NET_Core_Developer_2026\Nexora\tests\Nexora.IntegrationTests\SqlApiIntegrationTests.cs(22,0): at Nexora.IntegrationTests.SqlApiIntegrationTests.Real_SQL_migration_upgrade_and_readiness_gate_are_available()&#xD;
[xUnit.net 00:00:00.89]            at System.Reflection.MethodBaseInvoker.InterpretedInvoke_Method(Object obj, IntPtr* args)&#xD;
[xUnit.net 00:00:00.89]            at System.Reflection.RuntimeMethodInfo.Invoke(Object obj, BindingFlags invokeAttr, Binder binder, Object[] parameters, CultureInfo culture)&#xD;
[xUnit.net 00:00:00.89]   Finished:    Nexora.IntegrationTests&#xD;
</StdOut>
    </Output>
    <RunInfos>
      <RunInfo computerName="DESKTOP-S5418DT" outcome="Error" timestamp="2026-09-19T19:46:17.3254579+07:00">
        <Text>[xUnit.net 00:00:00.88]     Nexora.IntegrationTests.SqlApiIntegrationTests.Current_namespace_receipt_replays_original_safe_result_and_rechecks_authority [FAIL]</Text>
      </RunInfo>
      <RunInfo computerName="DESKTOP-S5418DT" outcome="Error" timestamp="2026-09-19T19:46:17.3358942+07:00">
        <Text>[xUnit.net 00:00:00.89]     Nexora.IntegrationTests.SqlApiIntegrationTests.Anonymous_CSRF_registration_replay_has_one_effect_and_changed_body_conflicts [FAIL]</Text>
      </RunInfo>
      <RunInfo computerName="DESKTOP-S5418DT" outcome="Error" timestamp="2026-09-19T19:46:17.3368843+07:00">
        <Text>[xUnit.net 00:00:00.89]     Nexora.IntegrationTests.SqlApiIntegrationTests.Real_SQL_migration_upgrade_and_readiness_gate_are_available [FAIL]</Text>
      </RunInfo>
    </RunInfos>
    <CollectorDataEntries>
      <Collector agentName="DESKTOP-S5418DT" uri="datacollector://microsoft/CoverletCodeCoverage/1.0" collectorDisplayName="XPlat code coverage">
        <UriAttachments>
          <UriAttachment>
            <A href="DESKTOP-S5418DT\coverage.cobertura.xml"></A>
          </UriAttachment>
        </UriAttachments>
      </Collector>
    </CollectorDataEntries>
  </ResultSummary>
</TestRun>