<?xml version="1.0" encoding="utf-8"?>
<TestRun id="eb3ed459-4897-410d-ae53-5a4296c08b41" name="hakodev@DESKTOP-S5418DT 2026-09-19 19:52:54" runUser="DESKTOP-S5418DT\hakodev" xmlns="http://microsoft.com/schemas/VisualStudio/TeamTest/2010">
  <Times creation="2026-09-19T19:52:54.1303101+07:00" queuing="2026-09-19T19:52:54.1303104+07:00" start="2026-09-19T19:52:49.7516338+07:00" finish="2026-09-19T19:52:54.1353013+07:00" />
  <TestSettings name="default" id="349d3c81-dcdd-45cd-be25-9d09c70199d3">
    <Deployment runDeploymentRoot="hakodev_DESKTOP-S5418DT_2026-09-19_19_52_54" />
  </TestSettings>
  <Results>
    <UnitTestResult executionId="840a685e-a630-436e-b27c-25308b0f619d" testId="65b36876-96fd-5a61-b9c3-e0b391a1ba17" testName="Nexora.IntegrationTests.SqlApiIntegrationTests.Real_SQL_migration_upgrade_and_readiness_gate_are_available" computerName="DESKTOP-S5418DT" duration="00:00:00.0002285" startTime="2026-09-19T19:52:53.5568157+07:00" endTime="2026-09-19T19:52:53.5568158+07:00" testType="13cdc9d9-ddb5-4fa4-a97d-d965ccfc6d4b" outcome="Failed" testListId="8c84fa94-04c1-424b-9868-57a2d4851a1d" relativeResultsDirectory="840a685e-a630-436e-b27c-25308b0f619d">
      <Output>
        <ErrorInfo>
          <Message>BLOCKED: real SQL/API integration fixture is unavailable (NEXORA_TEST_SQL_CONNECTION was not supplied.).</Message>
          <StackTrace>   at Nexora.IntegrationTests.SqlApiFixture.RequireAvailable() in D:\Projects\ASP_NET_Core_Developer_2026\Nexora\tests\Nexora.IntegrationTests\SqlApiFixture.cs:line 238&#xD;
   at Nexora.IntegrationTests.SqlApiIntegrationTests.Real_SQL_migration_upgrade_and_readiness_gate_are_available() in D:\Projects\ASP_NET_Core_Developer_2026\Nexora\tests\Nexora.IntegrationTests\SqlApiIntegrationTests.cs:line 22&#xD;
   at System.Reflection.MethodBaseInvoker.InterpretedInvoke_Method(Object obj, IntPtr* args)&#xD;
   at System.Reflection.MethodBaseInvoker.InvokeWithNoArgs(Object obj, BindingFlags invokeAttr)</StackTrace>
        </ErrorInfo>
      </Output>
    </UnitTestResult>
    <UnitTestResult executionId="212bc67c-3e62-42cc-a4d1-d1a2f1af814d" testId="9645a0f1-f344-7a1c-9ab8-dd313c7311ee" testName="Nexora.IntegrationTests.SqlApiIntegrationTests.Current_namespace_receipt_replays_original_safe_result_and_rechecks_authority" computerName="DESKTOP-S5418DT" duration="00:00:00.0043159" startTime="2026-09-19T19:52:53.5499822+07:00" endTime="2026-09-19T19:52:53.5500021+07:00" testType="13cdc9d9-ddb5-4fa4-a97d-d965ccfc6d4b" outcome="Failed" testListId="8c84fa94-04c1-424b-9868-57a2d4851a1d" relativeResultsDirectory="212bc67c-3e62-42cc-a4d1-d1a2f1af814d">
      <Output>
        <ErrorInfo>
          <Message>BLOCKED: real SQL/API integration fixture is unavailable (NEXORA_TEST_SQL_CONNECTION was not supplied.).</Message>
          <StackTrace>   at Nexora.IntegrationTests.SqlApiFixture.RequireAvailable() in D:\Projects\ASP_NET_Core_Developer_2026\Nexora\tests\Nexora.IntegrationTests\SqlApiFixture.cs:line 238&#xD;
   at Nexora.IntegrationTests.SqlApiIntegrationTests.Current_namespace_receipt_replays_original_safe_result_and_rechecks_authority() in D:\Projects\ASP_NET_Core_Developer_2026\Nexora\tests\Nexora.IntegrationTests\SqlApiIntegrationTests.cs:line 93&#xD;
--- End of stack trace from previous location ---</StackTrace>
        </ErrorInfo>
      </Output>
    </UnitTestResult>
    <UnitTestResult executionId="79d5dd07-3274-40e3-a938-dcac61ce94c4" testId="2bd09ea6-f221-9aaf-d121-22d8554ed508" testName="Nexora.IntegrationTests.SqlApiIntegrationTests.Anonymous_CSRF_registration_replay_has_one_effect_and_changed_body_conflicts" computerName="DESKTOP-S5418DT" duration="00:00:00.0008913" startTime="2026-09-19T19:52:53.5558622+07:00" endTime="2026-09-19T19:52:53.5558623+07:00" testType="13cdc9d9-ddb5-4fa4-a97d-d965ccfc6d4b" outcome="Failed" testListId="8c84fa94-04c1-424b-9868-57a2d4851a1d" relativeResultsDirectory="79d5dd07-3274-40e3-a938-dcac61ce94c4">
      <Output>
        <ErrorInfo>
          <Message>BLOCKED: real SQL/API integration fixture is unavailable (NEXORA_TEST_SQL_CONNECTION was not supplied.).</Message>
          <StackTrace>   at Nexora.IntegrationTests.SqlApiFixture.RequireAvailable() in D:\Projects\ASP_NET_Core_Developer_2026\Nexora\tests\Nexora.IntegrationTests\SqlApiFixture.cs:line 238&#xD;
   at Nexora.IntegrationTests.SqlApiIntegrationTests.Anonymous_CSRF_registration_replay_has_one_effect_and_changed_body_conflicts() in D:\Projects\ASP_NET_Core_Developer_2026\Nexora\tests\Nexora.IntegrationTests\SqlApiIntegrationTests.cs:line 40&#xD;
--- End of stack trace from previous location ---</StackTrace>
        </ErrorInfo>
      </Output>
    </UnitTestResult>
  </Results>
  <TestDefinitions>
    <UnitTest name="Nexora.IntegrationTests.SqlApiIntegrationTests.Anonymous_CSRF_registration_replay_has_one_effect_and_changed_body_conflicts" storage="d:\projects\asp_net_core_developer_2026\nexora\tests\nexora.integrationtests\bin\release\net10.0\nexora.integrationtests.dll" id="2bd09ea6-f221-9aaf-d121-22d8554ed508">
      <Execution id="79d5dd07-3274-40e3-a938-dcac61ce94c4" />
      <TestMethod codeBase="D:\Projects\ASP_NET_Core_Developer_2026\Nexora\tests\Nexora.IntegrationTests\bin\Release\net10.0\Nexora.IntegrationTests.dll" adapterTypeName="executor://xunit/VsTestRunner2/netcoreapp" className="Nexora.IntegrationTests.SqlApiIntegrationTests" name="Anonymous_CSRF_registration_replay_has_one_effect_and_changed_body_conflicts" />
    </UnitTest>
    <UnitTest name="Nexora.IntegrationTests.SqlApiIntegrationTests.Current_namespace_receipt_replays_original_safe_result_and_rechecks_authority" storage="d:\projects\asp_net_core_developer_2026\nexora\tests\nexora.integrationtests\bin\release\net10.0\nexora.integrationtests.dll" id="9645a0f1-f344-7a1c-9ab8-dd313c7311ee">
      <Execution id="212bc67c-3e62-42cc-a4d1-d1a2f1af814d" />
      <TestMethod codeBase="D:\Projects\ASP_NET_Core_Developer_2026\Nexora\tests\Nexora.IntegrationTests\bin\Release\net10.0\Nexora.IntegrationTests.dll" adapterTypeName="executor://xunit/VsTestRunner2/netcoreapp" className="Nexora.IntegrationTests.SqlApiIntegrationTests" name="Current_namespace_receipt_replays_original_safe_result_and_rechecks_authority" />
    </UnitTest>
    <UnitTest name="Nexora.IntegrationTests.SqlApiIntegrationTests.Real_SQL_migration_upgrade_and_readiness_gate_are_available" storage="d:\projects\asp_net_core_developer_2026\nexora\tests\nexora.integrationtests\bin\release\net10.0\nexora.integrationtests.dll" id="65b36876-96fd-5a61-b9c3-e0b391a1ba17">
      <Execution id="840a685e-a630-436e-b27c-25308b0f619d" />
      <TestMethod codeBase="D:\Projects\ASP_NET_Core_Developer_2026\Nexora\tests\Nexora.IntegrationTests\bin\Release\net10.0\Nexora.IntegrationTests.dll" adapterTypeName="executor://xunit/VsTestRunner2/netcoreapp" className="Nexora.IntegrationTests.SqlApiIntegrationTests" name="Real_SQL_migration_upgrade_and_readiness_gate_are_available" />
    </UnitTest>
  </TestDefinitions>
  <TestEntries>
    <TestEntry testId="65b36876-96fd-5a61-b9c3-e0b391a1ba17" executionId="840a685e-a630-436e-b27c-25308b0f619d" testListId="8c84fa94-04c1-424b-9868-57a2d4851a1d" />
    <TestEntry testId="9645a0f1-f344-7a1c-9ab8-dd313c7311ee" executionId="212bc67c-3e62-42cc-a4d1-d1a2f1af814d" testListId="8c84fa94-04c1-424b-9868-57a2d4851a1d" />
    <TestEntry testId="2bd09ea6-f221-9aaf-d121-22d8554ed508" executionId="79d5dd07-3274-40e3-a938-dcac61ce94c4" testListId="8c84fa94-04c1-424b-9868-57a2d4851a1d" />
  </TestEntries>
  <TestLists>
    <TestList name="Results Not in a List" id="8c84fa94-04c1-424b-9868-57a2d4851a1d" />
    <TestList name="All Loaded Results" id="19431567-8539-422a-85d7-44ee4e166bda" />
  </TestLists>
  <ResultSummary outcome="Failed">
    <Counters total="3" executed="3" passed="0" failed="3" error="0" timeout="0" aborted="0" inconclusive="0" passedButRunAborted="0" notRunnable="0" notExecuted="0" disconnected="0" warning="0" completed="0" inProgress="0" pending="0" />
    <Output>
      <StdOut>[xUnit.net 00:00:00.00] xUnit.net VSTest Adapter v2.8.2+699d445a1a (64-bit .NET 10.0.10)&#xD;
[xUnit.net 00:00:00.52]   Discovering: Nexora.IntegrationTests&#xD;
[xUnit.net 00:00:00.54]   Discovered:  Nexora.IntegrationTests&#xD;
[xUnit.net 00:00:00.54]   Starting:    Nexora.IntegrationTests&#xD;
[xUnit.net 00:00:00.59]       BLOCKED: real SQL/API integration fixture is unavailable (NEXORA_TEST_SQL_CONNECTION was not supplied.).&#xD;
[xUnit.net 00:00:00.59]       Stack Trace:&#xD;
[xUnit.net 00:00:00.59]         D:\Projects\ASP_NET_Core_Developer_2026\Nexora\tests\Nexora.IntegrationTests\SqlApiFixture.cs(238,0): at Nexora.IntegrationTests.SqlApiFixture.RequireAvailable()&#xD;
[xUnit.net 00:00:00.59]         D:\Projects\ASP_NET_Core_Developer_2026\Nexora\tests\Nexora.IntegrationTests\SqlApiIntegrationTests.cs(93,0): at Nexora.IntegrationTests.SqlApiIntegrationTests.Current_namespace_receipt_replays_original_safe_result_and_rechecks_authority()&#xD;
[xUnit.net 00:00:00.59]         --- End of stack trace from previous location ---&#xD;
[xUnit.net 00:00:00.60]       BLOCKED: real SQL/API integration fixture is unavailable (NEXORA_TEST_SQL_CONNECTION was not supplied.).&#xD;
[xUnit.net 00:00:00.60]       Stack Trace:&#xD;
[xUnit.net 00:00:00.60]         D:\Projects\ASP_NET_Core_Developer_2026\Nexora\tests\Nexora.IntegrationTests\SqlApiFixture.cs(238,0): at Nexora.IntegrationTests.SqlApiFixture.RequireAvailable()&#xD;
[xUnit.net 00:00:00.60]         D:\Projects\ASP_NET_Core_Developer_2026\Nexora\tests\Nexora.IntegrationTests\SqlApiIntegrationTests.cs(40,0): at Nexora.IntegrationTests.SqlApiIntegrationTests.Anonymous_CSRF_registration_replay_has_one_effect_and_changed_body_conflicts()&#xD;
[xUnit.net 00:00:00.60]         --- End of stack trace from previous location ---&#xD;
[xUnit.net 00:00:00.60]       BLOCKED: real SQL/API integration fixture is unavailable (NEXORA_TEST_SQL_CONNECTION was not supplied.).&#xD;
[xUnit.net 00:00:00.60]       Stack Trace:&#xD;
[xUnit.net 00:00:00.60]         D:\Projects\ASP_NET_Core_Developer_2026\Nexora\tests\Nexora.IntegrationTests\SqlApiFixture.cs(238,0): at Nexora.IntegrationTests.SqlApiFixture.RequireAvailable()&#xD;
[xUnit.net 00:00:00.60]         D:\Projects\ASP_NET_Core_Developer_2026\Nexora\tests\Nexora.IntegrationTests\SqlApiIntegrationTests.cs(22,0): at Nexora.IntegrationTests.SqlApiIntegrationTests.Real_SQL_migration_upgrade_and_readiness_gate_are_available()&#xD;
[xUnit.net 00:00:00.60]            at System.Reflection.MethodBaseInvoker.InterpretedInvoke_Method(Object obj, IntPtr* args)&#xD;
[xUnit.net 00:00:00.60]            at System.Reflection.MethodBaseInvoker.InvokeWithNoArgs(Object obj, BindingFlags invokeAttr)&#xD;
[xUnit.net 00:00:00.60]   Finished:    Nexora.IntegrationTests&#xD;
</StdOut>
    </Output>
    <RunInfos>
      <RunInfo computerName="DESKTOP-S5418DT" outcome="Error" timestamp="2026-09-19T19:52:53.5476862+07:00">
        <Text>[xUnit.net 00:00:00.59]     Nexora.IntegrationTests.SqlApiIntegrationTests.Current_namespace_receipt_replays_original_safe_result_and_rechecks_authority [FAIL]</Text>
      </RunInfo>
      <RunInfo computerName="DESKTOP-S5418DT" outcome="Error" timestamp="2026-09-19T19:52:53.5558900+07:00">
        <Text>[xUnit.net 00:00:00.60]     Nexora.IntegrationTests.SqlApiIntegrationTests.Anonymous_CSRF_registration_replay_has_one_effect_and_changed_body_conflicts [FAIL]</Text>
      </RunInfo>
      <RunInfo computerName="DESKTOP-S5418DT" outcome="Error" timestamp="2026-09-19T19:52:53.5569162+07:00">
        <Text>[xUnit.net 00:00:00.60]     Nexora.IntegrationTests.SqlApiIntegrationTests.Real_SQL_migration_upgrade_and_readiness_gate_are_available [FAIL]</Text>
      </RunInfo>
    </RunInfos>
    <CollectorDataEntries>
      <Collector agentName="DESKTOP-S5418DT" uri="datacollector://microsoft/CoverletCodeCoverage/1.0" collectorDisplayName="XPlat code coverage">
        <UriAttachments>
          <UriAttachment>
            <A href="DESKTOP-S5418DT\coverage.cobertura.xml"></A>
          </UriAttachment>
        </UriAttachments>
      </Collector>
    </CollectorDataEntries>
  </ResultSummary>
</TestRun>