<?xml version="1.0" encoding="utf-8"?>
<TestRun id="5c74ef5d-854c-479e-8616-876684f4a080" name="hakodev@DESKTOP-S5418DT 2026-09-19 19:45:43" runUser="DESKTOP-S5418DT\hakodev" xmlns="http://microsoft.com/schemas/VisualStudio/TeamTest/2010">
  <Times creation="2026-09-19T19:45:43.1186640+07:00" queuing="2026-09-19T19:45:43.1186642+07:00" start="2026-09-19T19:45:31.3015098+07:00" finish="2026-09-19T19:45:44.3023511+07:00" />
  <TestSettings name="default" id="70d58d64-1037-45d7-a864-e009410e96d5">
    <Deployment runDeploymentRoot="hakodev_DESKTOP-S5418DT_2026-09-19_19_45_43" />
  </TestSettings>
  <Results>
    <UnitTestResult executionId="a9032f54-d0fe-4ad3-b1eb-02f8ba2744b1" testId="564d90f7-5dfd-7da1-abbe-e5c54b067413" testName="Nexora.UnitTests.M01PolicyAndCaptureContractTests.Login_policy_preserves_account_lifecycle_and_MFA_boundaries(state: Disabled, emailConfirmed: True, isDeleted: False, isDisabled: True, hasEnabledMfa: False, expectedCode: &quot;AccountUnavailable&quot;)" computerName="DESKTOP-S5418DT" duration="00:00:00.0000063" startTime="2026-09-19T19:45:42.5890706+07:00" endTime="2026-09-19T19:45:42.5890706+07:00" testType="13cdc9d9-ddb5-4fa4-a97d-d965ccfc6d4b" outcome="Passed" testListId="8c84fa94-04c1-424b-9868-57a2d4851a1d" relativeResultsDirectory="a9032f54-d0fe-4ad3-b1eb-02f8ba2744b1" />
    <UnitTestResult executionId="015db186-4b78-4877-93fc-ab63c25e247f" testId="54d2c8b3-6a3a-e9a6-e6e1-99b22f346f94" testName="Nexora.UnitTests.M01PolicyAndCaptureContractTests.Foreign_and_mismatched_final_JSON_are_neither_read_nor_deleted" computerName="DESKTOP-S5418DT" duration="00:00:00.4833074" startTime="2026-09-19T19:45:43.0684567+07:00" endTime="2026-09-19T19:45:43.0684570+07:00" testType="13cdc9d9-ddb5-4fa4-a97d-d965ccfc6d4b" outcome="Passed" testListId="8c84fa94-04c1-424b-9868-57a2d4851a1d" relativeResultsDirectory="015db186-4b78-4877-93fc-ab63c25e247f" />
    <UnitTestResult executionId="085b5757-c4e0-4bd2-82cc-cd30b3fec06f" testId="773136f5-bc16-5f4e-c35f-8d139e6881a3" testName="Nexora.UnitTests.M01PolicyAndCaptureContractTests.An_old_private_partial_temporary_capture_does_not_block_a_later_delivery" computerName="DESKTOP-S5418DT" duration="00:00:00.0115406" startTime="2026-09-19T19:45:43.0815541+07:00" endTime="2026-09-19T19:45:43.0815545+07:00" testType="13cdc9d9-ddb5-4fa4-a97d-d965ccfc6d4b" outcome="Passed" testListId="8c84fa94-04c1-424b-9868-57a2d4851a1d" relativeResultsDirectory="085b5757-c4e0-4bd2-82cc-cd30b3fec06f" />
    <UnitTestResult executionId="4e5d2074-ec8b-4f2d-a770-c687f8337059" testId="a3832e08-6f9a-412c-a2b0-dba773a1ad35" testName="Nexora.UnitTests.M01PolicyAndCaptureContractTests.Only_an_old_owned_malformed_final_capture_is_cleaned_after_grace" computerName="DESKTOP-S5418DT" duration="00:00:00.0221571" startTime="2026-09-19T19:45:43.1038904+07:00" endTime="2026-09-19T19:45:43.1038906+07:00" testType="13cdc9d9-ddb5-4fa4-a97d-d965ccfc6d4b" outcome="Passed" testListId="8c84fa94-04c1-424b-9868-57a2d4851a1d" relativeResultsDirectory="4e5d2074-ec8b-4f2d-a770-c687f8337059" />
    <UnitTestResult executionId="c0acbb52-fc8c-44d6-a6cc-8b415fe94eda" testId="a7c81dab-2927-fa06-fa1f-d486d29360c3" testName="Nexora.UnitTests.M01PolicyAndCaptureContractTests.Login_policy_preserves_account_lifecycle_and_MFA_boundaries(state: Active, emailConfirmed: True, isDeleted: False, isDisabled: False, hasEnabledMfa: True, expectedCode: &quot;MfaUnavailable&quot;)" computerName="DESKTOP-S5418DT" duration="00:00:00.0000040" startTime="2026-09-19T19:45:42.5894304+07:00" endTime="2026-09-19T19:45:42.5894305+07:00" testType="13cdc9d9-ddb5-4fa4-a97d-d965ccfc6d4b" outcome="Passed" testListId="8c84fa94-04c1-424b-9868-57a2d4851a1d" relativeResultsDirectory="c0acbb52-fc8c-44d6-a6cc-8b415fe94eda" />
    <UnitTestResult executionId="0111f32f-a40b-4a42-99d1-b3706cd93f1c" testId="c7c59784-46ac-0ed6-d8c4-9fc46283a4d7" testName="Nexora.UnitTests.M01PolicyAndCaptureContractTests.Login_policy_preserves_account_lifecycle_and_MFA_boundaries(state: Deleted, emailConfirmed: True, isDeleted: True, isDisabled: False, hasEnabledMfa: False, expectedCode: &quot;AccountUnavailable&quot;)" computerName="DESKTOP-S5418DT" duration="00:00:00.0000016" startTime="2026-09-19T19:45:42.5892518+07:00" endTime="2026-09-19T19:45:42.5892518+07:00" testType="13cdc9d9-ddb5-4fa4-a97d-d965ccfc6d4b" outcome="Passed" testListId="8c84fa94-04c1-424b-9868-57a2d4851a1d" relativeResultsDirectory="0111f32f-a40b-4a42-99d1-b3706cd93f1c" />
    <UnitTestResult executionId="724b279a-8307-49ef-8bda-499ddb13e25a" testId="3f6cd3ad-6cfc-3442-9f41-8baee20ce017" testName="Nexora.UnitTests.M01PolicyAndCaptureContractTests.Login_policy_preserves_account_lifecycle_and_MFA_boundaries(state: PendingVerification, emailConfirmed: False, isDeleted: False, isDisabled: False, hasEnabledMfa: False, expectedCode: &quot;EmailVerificationRequired&quot;)" computerName="DESKTOP-S5418DT" duration="00:00:00.0003293" startTime="2026-09-19T19:45:42.5888910+07:00" endTime="2026-09-19T19:45:42.5888911+07:00" testType="13cdc9d9-ddb5-4fa4-a97d-d965ccfc6d4b" outcome="Passed" testListId="8c84fa94-04c1-424b-9868-57a2d4851a1d" relativeResultsDirectory="724b279a-8307-49ef-8bda-499ddb13e25a" />
    <UnitTestResult executionId="453fd6b7-a153-47dc-98d6-765dcc0c707a" testId="894af106-b79a-05aa-6359-72c1e42e34e4" testName="Nexora.UnitTests.M01PolicyAndCaptureContractTests.Admin_grant_mutation_uses_the_explicit_admin_grantable_manifest" computerName="DESKTOP-S5418DT" duration="00:00:00.0051349" startTime="2026-09-19T19:45:42.5818904+07:00" endTime="2026-09-19T19:45:42.5819131+07:00" testType="13cdc9d9-ddb5-4fa4-a97d-d965ccfc6d4b" outcome="Passed" testListId="8c84fa94-04c1-424b-9868-57a2d4851a1d" relativeResultsDirectory="453fd6b7-a153-47dc-98d6-765dcc0c707a" />
    <UnitTestResult executionId="0b74177c-0bb0-44fe-9b16-976380af4db5" testId="89674ada-26a3-8083-0ceb-cc5f56edb2e7" testName="Nexora.UnitTests.M01PolicyAndCaptureContractTests.Profile_and_registration_policy_reject_privileged_fields_and_invalid_preferences" computerName="DESKTOP-S5418DT" duration="00:00:00.0013309" startTime="2026-09-19T19:45:43.0706303+07:00" endTime="2026-09-19T19:45:43.0706306+07:00" testType="13cdc9d9-ddb5-4fa4-a97d-d965ccfc6d4b" outcome="Passed" testListId="8c84fa94-04c1-424b-9868-57a2d4851a1d" relativeResultsDirectory="0b74177c-0bb0-44fe-9b16-976380af4db5" />
    <UnitTestResult executionId="55444270-a928-4219-9f4c-3b8b759c2fb4" testId="d86b976c-d320-5a37-1dd8-6ee1790e981a" testName="Nexora.UnitTests.M01PolicyAndCaptureContractTests.Login_policy_preserves_account_lifecycle_and_MFA_boundaries(state: Active, emailConfirmed: True, isDeleted: False, isDisabled: False, hasEnabledMfa: False, expectedCode: &quot;LoginAllowed&quot;)" computerName="DESKTOP-S5418DT" duration="00:00:00.0031865" startTime="2026-09-19T19:45:42.5882816+07:00" endTime="2026-09-19T19:45:42.5882817+07:00" testType="13cdc9d9-ddb5-4fa4-a97d-d965ccfc6d4b" outcome="Passed" testListId="8c84fa94-04c1-424b-9868-57a2d4851a1d" relativeResultsDirectory="55444270-a928-4219-9f4c-3b8b759c2fb4" />
  </Results>
  <TestDefinitions>
    <UnitTest name="Nexora.UnitTests.M01PolicyAndCaptureContractTests.Login_policy_preserves_account_lifecycle_and_MFA_boundaries(state: Active, emailConfirmed: True, isDeleted: False, isDisabled: False, hasEnabledMfa: False, expectedCode: &quot;LoginAllowed&quot;)" storage="d:\projects\asp_net_core_developer_2026\nexora\tests\nexora.unittests\bin\release\net10.0\nexora.unittests.dll" id="d86b976c-d320-5a37-1dd8-6ee1790e981a">
      <Execution id="55444270-a928-4219-9f4c-3b8b759c2fb4" />
      <TestMethod codeBase="D:\Projects\ASP_NET_Core_Developer_2026\Nexora\tests\Nexora.UnitTests\bin\Release\net10.0\Nexora.UnitTests.dll" adapterTypeName="executor://xunit/VsTestRunner2/netcoreapp" className="Nexora.UnitTests.M01PolicyAndCaptureContractTests" name="Login_policy_preserves_account_lifecycle_and_MFA_boundaries" />
    </UnitTest>
    <UnitTest name="Nexora.UnitTests.M01PolicyAndCaptureContractTests.Only_an_old_owned_malformed_final_capture_is_cleaned_after_grace" storage="d:\projects\asp_net_core_developer_2026\nexora\tests\nexora.unittests\bin\release\net10.0\nexora.unittests.dll" id="a3832e08-6f9a-412c-a2b0-dba773a1ad35">
      <Execution id="4e5d2074-ec8b-4f2d-a770-c687f8337059" />
      <TestMethod codeBase="D:\Projects\ASP_NET_Core_Developer_2026\Nexora\tests\Nexora.UnitTests\bin\Release\net10.0\Nexora.UnitTests.dll" adapterTypeName="executor://xunit/VsTestRunner2/netcoreapp" className="Nexora.UnitTests.M01PolicyAndCaptureContractTests" name="Only_an_old_owned_malformed_final_capture_is_cleaned_after_grace" />
    </UnitTest>
    <UnitTest name="Nexora.UnitTests.M01PolicyAndCaptureContractTests.Login_policy_preserves_account_lifecycle_and_MFA_boundaries(state: Deleted, emailConfirmed: True, isDeleted: True, isDisabled: False, hasEnabledMfa: False, expectedCode: &quot;AccountUnavailable&quot;)" storage="d:\projects\asp_net_core_developer_2026\nexora\tests\nexora.unittests\bin\release\net10.0\nexora.unittests.dll" id="c7c59784-46ac-0ed6-d8c4-9fc46283a4d7">
      <Execution id="0111f32f-a40b-4a42-99d1-b3706cd93f1c" />
      <TestMethod codeBase="D:\Projects\ASP_NET_Core_Developer_2026\Nexora\tests\Nexora.UnitTests\bin\Release\net10.0\Nexora.UnitTests.dll" adapterTypeName="executor://xunit/VsTestRunner2/netcoreapp" className="Nexora.UnitTests.M01PolicyAndCaptureContractTests" name="Login_policy_preserves_account_lifecycle_and_MFA_boundaries" />
    </UnitTest>
    <UnitTest name="Nexora.UnitTests.M01PolicyAndCaptureContractTests.Login_policy_preserves_account_lifecycle_and_MFA_boundaries(state: PendingVerification, emailConfirmed: False, isDeleted: False, isDisabled: False, hasEnabledMfa: False, expectedCode: &quot;EmailVerificationRequired&quot;)" storage="d:\projects\asp_net_core_developer_2026\nexora\tests\nexora.unittests\bin\release\net10.0\nexora.unittests.dll" id="3f6cd3ad-6cfc-3442-9f41-8baee20ce017">
      <Execution id="724b279a-8307-49ef-8bda-499ddb13e25a" />
      <TestMethod codeBase="D:\Projects\ASP_NET_Core_Developer_2026\Nexora\tests\Nexora.UnitTests\bin\Release\net10.0\Nexora.UnitTests.dll" adapterTypeName="executor://xunit/VsTestRunner2/netcoreapp" className="Nexora.UnitTests.M01PolicyAndCaptureContractTests" name="Login_policy_preserves_account_lifecycle_and_MFA_boundaries" />
    </UnitTest>
    <UnitTest name="Nexora.UnitTests.M01PolicyAndCaptureContractTests.Foreign_and_mismatched_final_JSON_are_neither_read_nor_deleted" storage="d:\projects\asp_net_core_developer_2026\nexora\tests\nexora.unittests\bin\release\net10.0\nexora.unittests.dll" id="54d2c8b3-6a3a-e9a6-e6e1-99b22f346f94">
      <Execution id="015db186-4b78-4877-93fc-ab63c25e247f" />
      <TestMethod codeBase="D:\Projects\ASP_NET_Core_Developer_2026\Nexora\tests\Nexora.UnitTests\bin\Release\net10.0\Nexora.UnitTests.dll" adapterTypeName="executor://xunit/VsTestRunner2/netcoreapp" className="Nexora.UnitTests.M01PolicyAndCaptureContractTests" name="Foreign_and_mismatched_final_JSON_are_neither_read_nor_deleted" />
    </UnitTest>
    <UnitTest name="Nexora.UnitTests.M01PolicyAndCaptureContractTests.Login_policy_preserves_account_lifecycle_and_MFA_boundaries(state: Disabled, emailConfirmed: True, isDeleted: False, isDisabled: True, hasEnabledMfa: False, expectedCode: &quot;AccountUnavailable&quot;)" storage="d:\projects\asp_net_core_developer_2026\nexora\tests\nexora.unittests\bin\release\net10.0\nexora.unittests.dll" id="564d90f7-5dfd-7da1-abbe-e5c54b067413">
      <Execution id="a9032f54-d0fe-4ad3-b1eb-02f8ba2744b1" />
      <TestMethod codeBase="D:\Projects\ASP_NET_Core_Developer_2026\Nexora\tests\Nexora.UnitTests\bin\Release\net10.0\Nexora.UnitTests.dll" adapterTypeName="executor://xunit/VsTestRunner2/netcoreapp" className="Nexora.UnitTests.M01PolicyAndCaptureContractTests" name="Login_policy_preserves_account_lifecycle_and_MFA_boundaries" />
    </UnitTest>
    <UnitTest name="Nexora.UnitTests.M01PolicyAndCaptureContractTests.Profile_and_registration_policy_reject_privileged_fields_and_invalid_preferences" storage="d:\projects\asp_net_core_developer_2026\nexora\tests\nexora.unittests\bin\release\net10.0\nexora.unittests.dll" id="89674ada-26a3-8083-0ceb-cc5f56edb2e7">
      <Execution id="0b74177c-0bb0-44fe-9b16-976380af4db5" />
      <TestMethod codeBase="D:\Projects\ASP_NET_Core_Developer_2026\Nexora\tests\Nexora.UnitTests\bin\Release\net10.0\Nexora.UnitTests.dll" adapterTypeName="executor://xunit/VsTestRunner2/netcoreapp" className="Nexora.UnitTests.M01PolicyAndCaptureContractTests" name="Profile_and_registration_policy_reject_privileged_fields_and_invalid_preferences" />
    </UnitTest>
    <UnitTest name="Nexora.UnitTests.M01PolicyAndCaptureContractTests.Login_policy_preserves_account_lifecycle_and_MFA_boundaries(state: Active, emailConfirmed: True, isDeleted: False, isDisabled: False, hasEnabledMfa: True, expectedCode: &quot;MfaUnavailable&quot;)" storage="d:\projects\asp_net_core_developer_2026\nexora\tests\nexora.unittests\bin\release\net10.0\nexora.unittests.dll" id="a7c81dab-2927-fa06-fa1f-d486d29360c3">
      <Execution id="c0acbb52-fc8c-44d6-a6cc-8b415fe94eda" />
      <TestMethod codeBase="D:\Projects\ASP_NET_Core_Developer_2026\Nexora\tests\Nexora.UnitTests\bin\Release\net10.0\Nexora.UnitTests.dll" adapterTypeName="executor://xunit/VsTestRunner2/netcoreapp" className="Nexora.UnitTests.M01PolicyAndCaptureContractTests" name="Login_policy_preserves_account_lifecycle_and_MFA_boundaries" />
    </UnitTest>
    <UnitTest name="Nexora.UnitTests.M01PolicyAndCaptureContractTests.Admin_grant_mutation_uses_the_explicit_admin_grantable_manifest" storage="d:\projects\asp_net_core_developer_2026\nexora\tests\nexora.unittests\bin\release\net10.0\nexora.unittests.dll" id="894af106-b79a-05aa-6359-72c1e42e34e4">
      <Execution id="453fd6b7-a153-47dc-98d6-765dcc0c707a" />
      <TestMethod codeBase="D:\Projects\ASP_NET_Core_Developer_2026\Nexora\tests\Nexora.UnitTests\bin\Release\net10.0\Nexora.UnitTests.dll" adapterTypeName="executor://xunit/VsTestRunner2/netcoreapp" className="Nexora.UnitTests.M01PolicyAndCaptureContractTests" name="Admin_grant_mutation_uses_the_explicit_admin_grantable_manifest" />
    </UnitTest>
    <UnitTest name="Nexora.UnitTests.M01PolicyAndCaptureContractTests.An_old_private_partial_temporary_capture_does_not_block_a_later_delivery" storage="d:\projects\asp_net_core_developer_2026\nexora\tests\nexora.unittests\bin\release\net10.0\nexora.unittests.dll" id="773136f5-bc16-5f4e-c35f-8d139e6881a3">
      <Execution id="085b5757-c4e0-4bd2-82cc-cd30b3fec06f" />
      <TestMethod codeBase="D:\Projects\ASP_NET_Core_Developer_2026\Nexora\tests\Nexora.UnitTests\bin\Release\net10.0\Nexora.UnitTests.dll" adapterTypeName="executor://xunit/VsTestRunner2/netcoreapp" className="Nexora.UnitTests.M01PolicyAndCaptureContractTests" name="An_old_private_partial_temporary_capture_does_not_block_a_later_delivery" />
    </UnitTest>
  </TestDefinitions>
  <TestEntries>
    <TestEntry testId="564d90f7-5dfd-7da1-abbe-e5c54b067413" executionId="a9032f54-d0fe-4ad3-b1eb-02f8ba2744b1" testListId="8c84fa94-04c1-424b-9868-57a2d4851a1d" />
    <TestEntry testId="54d2c8b3-6a3a-e9a6-e6e1-99b22f346f94" executionId="015db186-4b78-4877-93fc-ab63c25e247f" testListId="8c84fa94-04c1-424b-9868-57a2d4851a1d" />
    <TestEntry testId="773136f5-bc16-5f4e-c35f-8d139e6881a3" executionId="085b5757-c4e0-4bd2-82cc-cd30b3fec06f" testListId="8c84fa94-04c1-424b-9868-57a2d4851a1d" />
    <TestEntry testId="a3832e08-6f9a-412c-a2b0-dba773a1ad35" executionId="4e5d2074-ec8b-4f2d-a770-c687f8337059" testListId="8c84fa94-04c1-424b-9868-57a2d4851a1d" />
    <TestEntry testId="a7c81dab-2927-fa06-fa1f-d486d29360c3" executionId="c0acbb52-fc8c-44d6-a6cc-8b415fe94eda" testListId="8c84fa94-04c1-424b-9868-57a2d4851a1d" />
    <TestEntry testId="c7c59784-46ac-0ed6-d8c4-9fc46283a4d7" executionId="0111f32f-a40b-4a42-99d1-b3706cd93f1c" testListId="8c84fa94-04c1-424b-9868-57a2d4851a1d" />
    <TestEntry testId="3f6cd3ad-6cfc-3442-9f41-8baee20ce017" executionId="724b279a-8307-49ef-8bda-499ddb13e25a" testListId="8c84fa94-04c1-424b-9868-57a2d4851a1d" />
    <TestEntry testId="894af106-b79a-05aa-6359-72c1e42e34e4" executionId="453fd6b7-a153-47dc-98d6-765dcc0c707a" testListId="8c84fa94-04c1-424b-9868-57a2d4851a1d" />
    <TestEntry testId="89674ada-26a3-8083-0ceb-cc5f56edb2e7" executionId="0b74177c-0bb0-44fe-9b16-976380af4db5" testListId="8c84fa94-04c1-424b-9868-57a2d4851a1d" />
    <TestEntry testId="d86b976c-d320-5a37-1dd8-6ee1790e981a" executionId="55444270-a928-4219-9f4c-3b8b759c2fb4" testListId="8c84fa94-04c1-424b-9868-57a2d4851a1d" />
  </TestEntries>
  <TestLists>
    <TestList name="Results Not in a List" id="8c84fa94-04c1-424b-9868-57a2d4851a1d" />
    <TestList name="All Loaded Results" id="19431567-8539-422a-85d7-44ee4e166bda" />
  </TestLists>
  <ResultSummary outcome="Completed">
    <Counters total="10" executed="10" passed="10" failed="0" error="0" timeout="0" aborted="0" inconclusive="0" passedButRunAborted="0" notRunnable="0" notExecuted="0" disconnected="0" warning="0" completed="0" inProgress="0" pending="0" />
    <Output>
      <StdOut>[xUnit.net 00:00:00.00] xUnit.net VSTest Adapter v2.8.2+699d445a1a (64-bit .NET 10.0.10)&#xD;
[xUnit.net 00:00:00.07]   Discovering: Nexora.UnitTests&#xD;
[xUnit.net 00:00:00.11]   Discovered:  Nexora.UnitTests&#xD;
[xUnit.net 00:00:00.11]   Starting:    Nexora.UnitTests&#xD;
Local account-message capture identity mismatch; file was not returned or removed.&#xD;
[xUnit.net 00:00:00.68]   Finished:    Nexora.UnitTests&#xD;
</StdOut>
    </Output>
    <CollectorDataEntries>
      <Collector agentName="DESKTOP-S5418DT" uri="datacollector://microsoft/CoverletCodeCoverage/1.0" collectorDisplayName="XPlat code coverage">
        <UriAttachments>
          <UriAttachment>
            <A href="DESKTOP-S5418DT\coverage.cobertura.xml"></A>
          </UriAttachment>
        </UriAttachments>
      </Collector>
    </CollectorDataEntries>
  </ResultSummary>
</TestRun>