<?xml version="1.0" encoding="utf-8"?>
<TestRun id="502b7546-bc96-4459-b8a3-2ccc8aeb6192" name="hakodev@DESKTOP-S5418DT 2026-09-19 15:52:23" runUser="DESKTOP-S5418DT\hakodev" xmlns="http://microsoft.com/schemas/VisualStudio/TeamTest/2010">
  <Times creation="2026-09-19T15:52:23.5731750+07:00" queuing="2026-09-19T15:52:23.5731752+07:00" start="2026-09-19T15:52:20.5431288+07:00" finish="2026-09-19T15:52:23.5734723+07:00" />
  <TestSettings name="default" id="5059643d-9483-4ab8-b7d7-f2983da8b40b">
    <Deployment runDeploymentRoot="hakodev_DESKTOP-S5418DT_2026-09-19_15_52_23" />
  </TestSettings>
  <TestLists>
    <TestList name="Results Not in a List" id="8c84fa94-04c1-424b-9868-57a2d4851a1d" />
    <TestList name="All Loaded Results" id="19431567-8539-422a-85d7-44ee4e166bda" />
  </TestLists>
  <ResultSummary outcome="Completed">
    <Counters total="0" executed="0" passed="0" failed="0" error="0" timeout="0" aborted="0" inconclusive="0" passedButRunAborted="0" notRunnable="0" notExecuted="0" disconnected="0" warning="0" completed="0" inProgress="0" pending="0" />
    <Output>
      <StdOut>[xUnit.net 00:00:00.00] xUnit.net VSTest Adapter v2.8.2+699d445a1a (64-bit .NET 10.0.10)&#xD;
[xUnit.net 00:00:00.71]   Discovering: Nexora.UnitTests&#xD;
[xUnit.net 00:00:00.72]   Discovered:  Nexora.UnitTests&#xD;
</StdOut>
    </Output>
    <RunInfos>
      <RunInfo computerName="DESKTOP-S5418DT" outcome="Warning" timestamp="2026-09-19T15:52:23.5286670+07:00">
        <Text>No test is available in D:\Projects\ASP_NET_Core_Developer_2026\Nexora\tests\Nexora.UnitTests\bin\Release\net10.0\Nexora.UnitTests.dll. Make sure that test discoverer &amp; executors are registered and platform &amp; framework version settings are appropriate and try again.</Text>
      </RunInfo>
    </RunInfos>
  </ResultSummary>
</TestRun>